0 info it worked if it ends with ok
1 verbose cli [ 'node', '/usr/local/bin/npm', 'install', 'picksy' ]
2 info using npm@1.1.59
3 info using node@v0.8.8
4 verbose read json /Users/Simon/Documents/PresidentialIssues/server/crawler/package.json
5 warn package.json issues-crawler@0.0.0-4 No README.md file found!
6 verbose from cache /Users/Simon/Documents/PresidentialIssues/server/crawler/package.json
7 verbose readDependencies using package.json deps
8 verbose cache add [ 'picksy', null ]
9 silly cache add name=undefined spec="picksy" args=["picksy",null]
10 verbose parsed url { pathname: 'picksy', path: 'picksy', href: 'picksy' }
11 silly lockFile 8d537b94-picksy picksy
12 verbose lock picksy /Users/Simon/.npm/8d537b94-picksy.lock
13 silly lockFile 8d537b94-picksy picksy
14 verbose addNamed [ 'picksy', '' ]
15 verbose addNamed [ null, '' ]
16 silly lockFile b2502b32-picksy picksy@
17 verbose lock picksy@ /Users/Simon/.npm/b2502b32-picksy.lock
18 silly addNameRange { name: 'picksy', range: '', hasData: false }
19 verbose url raw picksy
20 verbose url resolving [ 'https://registry.npmjs.org/', './picksy' ]
21 verbose url resolved https://registry.npmjs.org/picksy
22 info retry registry request attempt 1 at 12:54:30
23 http GET https://registry.npmjs.org/picksy
24 http 404 https://registry.npmjs.org/picksy
25 silly registry.get cb [ 404,
25 silly registry.get   { server: 'CouchDB/1.2.0 (Erlang OTP/R15B)',
25 silly registry.get     date: 'Sun, 16 Sep 2012 16:54:31 GMT',
25 silly registry.get     'content-type': 'application/json',
25 silly registry.get     'content-length': '52',
25 silly registry.get     'cache-control': 'must-revalidate' } ]
26 silly lockFile b2502b32-picksy picksy@
27 error 404 'picksy' is not in the npm registry.
27 error 404 You should bug the author to publish it
27 error 404
27 error 404 Note that you can also install from a
27 error 404 tarball, folder, or http url, or git url.
28 error System Darwin 11.4.0
29 error command "node" "/usr/local/bin/npm" "install" "picksy"
30 error cwd /Users/Simon/Documents/PresidentialIssues/server/crawler
31 error node -v v0.8.8
32 error npm -v 1.1.59
33 error code E404
34 verbose exit [ 1, true ]
